\BOOKMARK [-1][-]{part.1}{\376\377\000I\000\040\000O\000v\000e\000r\000v\000i\000e\000w\000\040\000a\000n\000d\000\040\000A\000r\000c\000h\000i\000t\000e\000c\000t\000u\000r\000e}{}% 1
\BOOKMARK [0][-]{chapter.1}{\376\377\000I\000n\000t\000r\000o\000d\000u\000c\000t\000i\000o\000n}{part.1}% 2
\BOOKMARK [1][-]{section.1.1}{\376\377\000C\000o\000n\000t\000e\000x\000t}{chapter.1}% 3
\BOOKMARK [1][-]{section.1.2}{\376\377\000P\000r\000o\000b\000l\000e\000m\000\040\000S\000t\000a\000t\000e\000m\000e\000n\000t}{chapter.1}% 4
\BOOKMARK [1][-]{section.1.3}{\376\377\000P\000r\000o\000j\000e\000c\000t\000\040\000O\000b\000j\000e\000c\000t\000i\000v\000e\000s}{chapter.1}% 5
\BOOKMARK [1][-]{section.1.4}{\376\377\000C\000h\000o\000s\000e\000n\000\040\000S\000c\000e\000n\000a\000r\000i\000o\000:\000\040\000S\000a\000a\000S\000\040\000W\000e\000b\000\040\000A\000p\000p\000l\000i\000c\000a\000t\000i\000o\000n}{chapter.1}% 6
\BOOKMARK [2][-]{subsection.1.4.1}{\376\377\000T\000y\000p\000e\000s\000\040\000o\000f\000\040\000L\000o\000g\000s\000\040\000P\000r\000o\000c\000e\000s\000s\000e\000d}{section.1.4}% 7
\BOOKMARK [2][-]{subsection.1.4.2}{\376\377\000K\000e\000y\000\040\000P\000e\000r\000f\000o\000r\000m\000a\000n\000c\000e\000\040\000I\000n\000d\000i\000c\000a\000t\000o\000r\000s\000\040\000\050\000K\000P\000I\000s\000\051}{section.1.4}% 8
\BOOKMARK [2][-]{subsection.1.4.3}{\376\377\000P\000r\000i\000o\000r\000i\000t\000y\000\040\000U\000s\000e\000\040\000C\000a\000s\000e\000s}{section.1.4}% 9
\BOOKMARK [1][-]{section.1.5}{\376\377\000D\000o\000c\000u\000m\000e\000n\000t\000\040\000S\000t\000r\000u\000c\000t\000u\000r\000e}{chapter.1}% 10
\BOOKMARK [0][-]{chapter.2}{\376\377\000G\000l\000o\000b\000a\000l\000\040\000A\000r\000c\000h\000i\000t\000e\000c\000t\000u\000r\000e}{part.1}% 11
\BOOKMARK [1][-]{section.2.1}{\376\377\000S\000y\000s\000t\000e\000m\000\040\000O\000v\000e\000r\000v\000i\000e\000w}{chapter.2}% 12
\BOOKMARK [1][-]{section.2.2}{\376\377\000A\000r\000c\000h\000i\000t\000e\000c\000t\000u\000r\000e\000\040\000D\000i\000a\000g\000r\000a\000m}{chapter.2}% 13
\BOOKMARK [1][-]{section.2.3}{\376\377\000C\000o\000m\000p\000o\000n\000e\000n\000t\000\040\000O\000v\000e\000r\000v\000i\000e\000w}{chapter.2}% 14
\BOOKMARK [2][-]{subsection.2.3.1}{\376\377\000F\000r\000o\000n\000t\000e\000n\000d\000\040\000L\000a\000y\000e\000r}{section.2.3}% 15
\BOOKMARK [2][-]{subsection.2.3.2}{\376\377\000A\000p\000p\000l\000i\000c\000a\000t\000i\000o\000n\000\040\000L\000a\000y\000e\000r}{section.2.3}% 16
\BOOKMARK [2][-]{subsection.2.3.3}{\376\377\000D\000a\000t\000a\000\040\000P\000r\000o\000c\000e\000s\000s\000i\000n\000g\000\040\000L\000a\000y\000e\000r\000\040\000\050\000E\000L\000K\000\040\000S\000t\000a\000c\000k\000\051}{section.2.3}% 17
\BOOKMARK [2][-]{subsection.2.3.4}{\376\377\000D\000a\000t\000a\000\040\000S\000t\000o\000r\000a\000g\000e\000\040\000L\000a\000y\000e\000r}{section.2.3}% 18
\BOOKMARK [2][-]{subsection.2.3.5}{\376\377\000O\000b\000s\000e\000r\000v\000a\000b\000i\000l\000i\000t\000y\000\040\000L\000a\000y\000e\000r}{section.2.3}% 19
\BOOKMARK [1][-]{section.2.4}{\376\377\000D\000a\000t\000a\000\040\000F\000l\000o\000w}{chapter.2}% 20
\BOOKMARK [2][-]{subsection.2.4.1}{\376\377\000L\000o\000g\000\040\000I\000n\000g\000e\000s\000t\000i\000o\000n\000\040\000F\000l\000o\000w}{section.2.4}% 21
\BOOKMARK [2][-]{subsection.2.4.2}{\376\377\000S\000e\000a\000r\000c\000h\000\040\000a\000n\000d\000\040\000A\000n\000a\000l\000y\000s\000i\000s\000\040\000F\000l\000o\000w}{section.2.4}% 22
\BOOKMARK [1][-]{section.2.5}{\376\377\000N\000e\000t\000w\000o\000r\000k\000\040\000A\000r\000c\000h\000i\000t\000e\000c\000t\000u\000r\000e}{chapter.2}% 23
\BOOKMARK [0][-]{chapter.3}{\376\377\000D\000e\000t\000a\000i\000l\000e\000d\000\040\000C\000o\000m\000p\000o\000n\000e\000n\000t\000\040\000A\000r\000c\000h\000i\000t\000e\000c\000t\000u\000r\000e}{part.1}% 24
\BOOKMARK [1][-]{section.3.1}{\376\377\000F\000l\000a\000s\000k\000\040\000W\000e\000b\000\040\000A\000p\000p\000l\000i\000c\000a\000t\000i\000o\000n}{chapter.3}% 25
\BOOKMARK [2][-]{subsection.3.1.1}{\376\377\000A\000p\000p\000l\000i\000c\000a\000t\000i\000o\000n\000\040\000S\000t\000r\000u\000c\000t\000u\000r\000e}{section.3.1}% 26
\BOOKMARK [2][-]{subsection.3.1.2}{\376\377\000K\000e\000y\000\040\000F\000e\000a\000t\000u\000r\000e\000s}{section.3.1}% 27
\BOOKMARK [1][-]{section.3.2}{\376\377\000E\000l\000a\000s\000t\000i\000c\000s\000e\000a\000r\000c\000h\000\040\000C\000o\000n\000f\000i\000g\000u\000r\000a\000t\000i\000o\000n}{chapter.3}% 28
\BOOKMARK [2][-]{subsection.3.2.1}{\376\377\000C\000l\000u\000s\000t\000e\000r\000\040\000S\000e\000t\000t\000i\000n\000g\000s}{section.3.2}% 29
\BOOKMARK [2][-]{subsection.3.2.2}{\376\377\000I\000n\000d\000e\000x\000\040\000M\000a\000p\000p\000i\000n\000g}{section.3.2}% 30
\BOOKMARK [1][-]{section.3.3}{\376\377\000L\000o\000g\000s\000t\000a\000s\000h\000\040\000P\000i\000p\000e\000l\000i\000n\000e}{chapter.3}% 31
\BOOKMARK [2][-]{subsection.3.3.1}{\376\377\000I\000n\000p\000u\000t\000\040\000S\000o\000u\000r\000c\000e\000s}{section.3.3}% 32
\BOOKMARK [2][-]{subsection.3.3.2}{\376\377\000P\000r\000o\000c\000e\000s\000s\000i\000n\000g\000\040\000P\000i\000p\000e\000l\000i\000n\000e}{section.3.3}% 33
\BOOKMARK [1][-]{section.3.4}{\376\377\000M\000o\000n\000g\000o\000D\000B\000\040\000S\000c\000h\000e\000m\000a\000\040\000D\000e\000s\000i\000g\000n}{chapter.3}% 34
\BOOKMARK [2][-]{subsection.3.4.1}{\376\377\000C\000o\000l\000l\000e\000c\000t\000i\000o\000n\000s}{section.3.4}% 35
\BOOKMARK [2][-]{subsection.3.4.2}{\376\377\000F\000i\000l\000e\000\040\000D\000o\000c\000u\000m\000e\000n\000t\000\040\000S\000t\000r\000u\000c\000t\000u\000r\000e}{section.3.4}% 36
\BOOKMARK [1][-]{section.3.5}{\376\377\000R\000e\000d\000i\000s\000\040\000A\000r\000c\000h\000i\000t\000e\000c\000t\000u\000r\000e}{chapter.3}% 37
\BOOKMARK [2][-]{subsection.3.5.1}{\376\377\000U\000s\000a\000g\000e\000\040\000P\000a\000t\000t\000e\000r\000n\000s}{section.3.5}% 38
\BOOKMARK [2][-]{subsection.3.5.2}{\376\377\000K\000e\000y\000\040\000N\000a\000m\000i\000n\000g\000\040\000C\000o\000n\000v\000e\000n\000t\000i\000o\000n}{section.3.5}% 39
\BOOKMARK [1][-]{section.3.6}{\376\377\000O\000b\000s\000e\000r\000v\000a\000b\000i\000l\000i\000t\000y\000\040\000S\000t\000a\000c\000k}{chapter.3}% 40
\BOOKMARK [2][-]{subsection.3.6.1}{\376\377\000P\000r\000o\000m\000e\000t\000h\000e\000u\000s\000\040\000M\000e\000t\000r\000i\000c\000s}{section.3.6}% 41
\BOOKMARK [2][-]{subsection.3.6.2}{\376\377\000G\000r\000a\000f\000a\000n\000a\000\040\000D\000a\000s\000h\000b\000o\000a\000r\000d\000s}{section.3.6}% 42
\BOOKMARK [-1][-]{part.2}{\376\377\000I\000I\000\040\000T\000e\000c\000h\000n\000i\000c\000a\000l\000\040\000S\000p\000e\000c\000i\000f\000i\000c\000a\000t\000i\000o\000n\000s}{}% 43
\BOOKMARK [0][-]{chapter.4}{\376\377\000T\000e\000c\000h\000n\000i\000c\000a\000l\000\040\000S\000p\000e\000c\000i\000f\000i\000c\000a\000t\000i\000o\000n\000s}{part.2}% 44
\BOOKMARK [1][-]{section.4.1}{\376\377\000T\000e\000c\000h\000n\000o\000l\000o\000g\000y\000\040\000S\000t\000a\000c\000k\000\040\000O\000v\000e\000r\000v\000i\000e\000w}{chapter.4}% 45
\BOOKMARK [1][-]{section.4.2}{\376\377\000B\000a\000c\000k\000e\000n\000d\000\040\000T\000e\000c\000h\000n\000o\000l\000o\000g\000i\000e\000s}{chapter.4}% 46
\BOOKMARK [1][-]{section.4.3}{\376\377\000E\000L\000K\000\040\000S\000t\000a\000c\000k}{chapter.4}% 47
\BOOKMARK [1][-]{section.4.4}{\376\377\000D\000a\000t\000a\000b\000a\000s\000e\000\040\000T\000e\000c\000h\000n\000o\000l\000o\000g\000i\000e\000s}{chapter.4}% 48
\BOOKMARK [1][-]{section.4.5}{\376\377\000O\000b\000s\000e\000r\000v\000a\000b\000i\000l\000i\000t\000y\000\040\000S\000t\000a\000c\000k}{chapter.4}% 49
\BOOKMARK [1][-]{section.4.6}{\376\377\000F\000r\000o\000n\000t\000e\000n\000d\000\040\000T\000e\000c\000h\000n\000o\000l\000o\000g\000i\000e\000s}{chapter.4}% 50
\BOOKMARK [1][-]{section.4.7}{\376\377\000D\000e\000v\000O\000p\000s\000\040\000a\000n\000d\000\040\000D\000e\000p\000l\000o\000y\000m\000e\000n\000t}{chapter.4}% 51
\BOOKMARK [1][-]{section.4.8}{\376\377\000S\000e\000c\000u\000r\000i\000t\000y\000\040\000C\000o\000n\000s\000i\000d\000e\000r\000a\000t\000i\000o\000n\000s}{chapter.4}% 52
\BOOKMARK [1][-]{section.4.9}{\376\377\000S\000y\000s\000t\000e\000m\000\040\000R\000e\000q\000u\000i\000r\000e\000m\000e\000n\000t\000s}{chapter.4}% 53
\BOOKMARK [2][-]{subsection.4.9.1}{\376\377\000M\000i\000n\000i\000m\000u\000m\000\040\000R\000e\000q\000u\000i\000r\000e\000m\000e\000n\000t\000s}{section.4.9}% 54
\BOOKMARK [2][-]{subsection.4.9.2}{\376\377\000R\000e\000c\000o\000m\000m\000e\000n\000d\000e\000d\000\040\000R\000e\000q\000u\000i\000r\000e\000m\000e\000n\000t\000s}{section.4.9}% 55
\BOOKMARK [0][-]{chapter.5}{\376\377\000D\000e\000v\000e\000l\000o\000p\000e\000d\000\040\000M\000o\000d\000u\000l\000e\000s}{part.2}% 56
\BOOKMARK [1][-]{section.5.1}{\376\377\000M\000o\000d\000u\000l\000e\000\040\000O\000v\000e\000r\000v\000i\000e\000w}{chapter.5}% 57
\BOOKMARK [1][-]{section.5.2}{\376\377\000M\000o\000d\000u\000l\000e\000\040\0001\000:\000\040\000L\000o\000g\000\040\000F\000i\000l\000e\000\040\000M\000a\000n\000a\000g\000e\000m\000e\000n\000t}{chapter.5}% 58
\BOOKMARK [2][-]{subsection.5.2.1}{\376\377\000D\000e\000s\000c\000r\000i\000p\000t\000i\000o\000n}{section.5.2}% 59
\BOOKMARK [2][-]{subsection.5.2.2}{\376\377\000F\000e\000a\000t\000u\000r\000e\000s}{section.5.2}% 60
\BOOKMARK [2][-]{subsection.5.2.3}{\376\377\000I\000m\000p\000l\000e\000m\000e\000n\000t\000a\000t\000i\000o\000n}{section.5.2}% 61
\BOOKMARK [1][-]{section.5.3}{\376\377\000M\000o\000d\000u\000l\000e\000\040\0003\000:\000\040\000W\000e\000b\000\040\000I\000n\000t\000e\000r\000f\000a\000c\000e}{chapter.5}% 62
\BOOKMARK [2][-]{subsection.5.3.1}{\376\377\000D\000e\000s\000c\000r\000i\000p\000t\000i\000o\000n}{section.5.3}% 63
\BOOKMARK [2][-]{subsection.5.3.2}{\376\377\000P\000a\000g\000e\000s}{section.5.3}% 64
\BOOKMARK [2][-]{subsection.5.3.3}{\376\377\000F\000e\000a\000t\000u\000r\000e\000s}{section.5.3}% 65
\BOOKMARK [1][-]{section.5.4}{\376\377\000M\000o\000d\000u\000l\000e\000\040\0004\000:\000\040\000M\000o\000n\000g\000o\000D\000B\000\040\000I\000n\000t\000e\000g\000r\000a\000t\000i\000o\000n}{chapter.5}% 66
\BOOKMARK [2][-]{subsection.5.4.1}{\376\377\000D\000e\000s\000c\000r\000i\000p\000t\000i\000o\000n}{section.5.4}% 67
\BOOKMARK [2][-]{subsection.5.4.2}{\376\377\000C\000o\000l\000l\000e\000c\000t\000i\000o\000n\000s}{section.5.4}% 68
\BOOKMARK [2][-]{subsection.5.4.3}{\376\377\000F\000e\000a\000t\000u\000r\000e\000s}{section.5.4}% 69
\BOOKMARK [1][-]{section.5.5}{\376\377\000M\000o\000d\000u\000l\000e\000\040\0005\000:\000\040\000D\000o\000c\000k\000e\000r\000\040\000D\000e\000p\000l\000o\000y\000m\000e\000n\000t}{chapter.5}% 70
\BOOKMARK [2][-]{subsection.5.5.1}{\376\377\000D\000e\000s\000c\000r\000i\000p\000t\000i\000o\000n}{section.5.5}% 71
\BOOKMARK [2][-]{subsection.5.5.2}{\376\377\000S\000e\000r\000v\000i\000c\000e\000s}{section.5.5}% 72
\BOOKMARK [2][-]{subsection.5.5.3}{\376\377\000F\000e\000a\000t\000u\000r\000e\000s}{section.5.5}% 73
\BOOKMARK [1][-]{section.5.6}{\376\377\000M\000o\000d\000u\000l\000e\000\040\000H\000:\000\040\000R\000e\000a\000l\000-\000T\000i\000m\000e\000\040\000V\000i\000s\000u\000a\000l\000i\000z\000a\000t\000i\000o\000n}{chapter.5}% 74
\BOOKMARK [2][-]{subsection.5.6.1}{\376\377\000D\000e\000s\000c\000r\000i\000p\000t\000i\000o\000n}{section.5.6}% 75
\BOOKMARK [2][-]{subsection.5.6.2}{\376\377\000F\000e\000a\000t\000u\000r\000e\000s}{section.5.6}% 76
\BOOKMARK [2][-]{subsection.5.6.3}{\376\377\000M\000e\000t\000r\000i\000c\000s}{section.5.6}% 77
\BOOKMARK [1][-]{section.5.7}{\376\377\000M\000o\000d\000u\000l\000e\000\040\000L\000:\000\040\000O\000b\000s\000e\000r\000v\000a\000b\000i\000l\000i\000t\000y}{chapter.5}% 78
\BOOKMARK [2][-]{subsection.5.7.1}{\376\377\000D\000e\000s\000c\000r\000i\000p\000t\000i\000o\000n}{section.5.7}% 79
\BOOKMARK [2][-]{subsection.5.7.2}{\376\377\000P\000r\000o\000m\000e\000t\000h\000e\000u\000s\000\040\000M\000e\000t\000r\000i\000c\000s}{section.5.7}% 80
\BOOKMARK [2][-]{subsection.5.7.3}{\376\377\000H\000e\000a\000l\000t\000h\000\040\000E\000n\000d\000p\000o\000i\000n\000t}{section.5.7}% 81
\BOOKMARK [2][-]{subsection.5.7.4}{\376\377\000A\000l\000e\000r\000t\000i\000n\000g\000\040\000R\000u\000l\000e\000s}{section.5.7}% 82
\BOOKMARK [0][-]{chapter.6}{\376\377\000S\000i\000g\000n\000i\000f\000i\000c\000a\000n\000t\000\040\000C\000o\000d\000e\000\040\000E\000x\000c\000e\000r\000p\000t\000s}{part.2}% 83
\BOOKMARK [1][-]{section.6.1}{\376\377\000P\000r\000o\000m\000e\000t\000h\000e\000u\000s\000\040\000M\000e\000t\000r\000i\000c\000s\000\040\000I\000n\000s\000t\000r\000u\000m\000e\000n\000t\000a\000t\000i\000o\000n}{chapter.6}% 84
\BOOKMARK [1][-]{section.6.2}{\376\377\000W\000e\000b\000S\000o\000c\000k\000e\000t\000\040\000R\000e\000a\000l\000-\000T\000i\000m\000e\000\040\000S\000t\000r\000e\000a\000m\000i\000n\000g}{chapter.6}% 85
\BOOKMARK [1][-]{section.6.3}{\376\377\000E\000n\000h\000a\000n\000c\000e\000d\000\040\000H\000e\000a\000l\000t\000h\000\040\000C\000h\000e\000c\000k\000\040\000E\000n\000d\000p\000o\000i\000n\000t}{chapter.6}% 86
\BOOKMARK [1][-]{section.6.4}{\376\377\000E\000l\000a\000s\000t\000i\000c\000s\000e\000a\000r\000c\000h\000\040\000S\000e\000a\000r\000c\000h\000\040\000w\000i\000t\000h\000\040\000O\000p\000t\000i\000m\000i\000z\000a\000t\000i\000o\000n}{chapter.6}% 87
\BOOKMARK [1][-]{section.6.5}{\376\377\000J\000a\000v\000a\000S\000c\000r\000i\000p\000t\000\040\000R\000e\000a\000l\000-\000T\000i\000m\000e\000\040\000L\000o\000g\000\040\000D\000i\000s\000p\000l\000a\000y}{chapter.6}% 88
\BOOKMARK [0][-]{chapter.7}{\376\377\000E\000L\000K\000\040\000S\000t\000a\000c\000k\000\040\000C\000o\000n\000f\000i\000g\000u\000r\000a\000t\000i\000o\000n}{part.2}% 89
\BOOKMARK [1][-]{section.7.1}{\376\377\000L\000o\000g\000s\000t\000a\000s\000h\000\040\000P\000i\000p\000e\000l\000i\000n\000e\000\040\000C\000o\000n\000f\000i\000g\000u\000r\000a\000t\000i\000o\000n}{chapter.7}% 90
\BOOKMARK [2][-]{subsection.7.1.1}{\376\377\000I\000n\000p\000u\000t\000\040\000C\000o\000n\000f\000i\000g\000u\000r\000a\000t\000i\000o\000n}{section.7.1}% 91
\BOOKMARK [2][-]{subsection.7.1.2}{\376\377\000F\000i\000l\000t\000e\000r\000\040\000C\000o\000n\000f\000i\000g\000u\000r\000a\000t\000i\000o\000n}{section.7.1}% 92
\BOOKMARK [2][-]{subsection.7.1.3}{\376\377\000O\000u\000t\000p\000u\000t\000\040\000C\000o\000n\000f\000i\000g\000u\000r\000a\000t\000i\000o\000n}{section.7.1}% 93
\BOOKMARK [1][-]{section.7.2}{\376\377\000E\000l\000a\000s\000t\000i\000c\000s\000e\000a\000r\000c\000h\000\040\000C\000o\000n\000f\000i\000g\000u\000r\000a\000t\000i\000o\000n}{chapter.7}% 94
\BOOKMARK [2][-]{subsection.7.2.1}{\376\377\000C\000l\000u\000s\000t\000e\000r\000\040\000S\000e\000t\000t\000i\000n\000g\000s}{section.7.2}% 95
\BOOKMARK [2][-]{subsection.7.2.2}{\376\377\000I\000n\000d\000e\000x\000\040\000T\000e\000m\000p\000l\000a\000t\000e}{section.7.2}% 96
\BOOKMARK [1][-]{section.7.3}{\376\377\000K\000i\000b\000a\000n\000a\000\040\000C\000o\000n\000f\000i\000g\000u\000r\000a\000t\000i\000o\000n}{chapter.7}% 97
\BOOKMARK [2][-]{subsection.7.3.1}{\376\377\000E\000n\000v\000i\000r\000o\000n\000m\000e\000n\000t\000\040\000S\000e\000t\000t\000i\000n\000g\000s}{section.7.3}% 98
\BOOKMARK [2][-]{subsection.7.3.2}{\376\377\000I\000n\000d\000e\000x\000\040\000P\000a\000t\000t\000e\000r\000n}{section.7.3}% 99
\BOOKMARK [0][-]{chapter.8}{\376\377\000D\000a\000t\000a\000\040\000M\000o\000d\000e\000l\000s}{part.2}% 100
\BOOKMARK [1][-]{section.8.1}{\376\377\000M\000o\000n\000g\000o\000D\000B\000\040\000C\000o\000l\000l\000e\000c\000t\000i\000o\000n\000s}{chapter.8}% 101
\BOOKMARK [2][-]{subsection.8.1.1}{\376\377\000F\000i\000l\000e\000s\000\040\000C\000o\000l\000l\000e\000c\000t\000i\000o\000n}{section.8.1}% 102
\BOOKMARK [2][-]{subsection.8.1.2}{\376\377\000U\000s\000e\000r\000s\000\040\000C\000o\000l\000l\000e\000c\000t\000i\000o\000n}{section.8.1}% 103
\BOOKMARK [2][-]{subsection.8.1.3}{\376\377\000S\000e\000a\000r\000c\000h\000\040\000H\000i\000s\000t\000o\000r\000y\000\040\000C\000o\000l\000l\000e\000c\000t\000i\000o\000n}{section.8.1}% 104
\BOOKMARK [2][-]{subsection.8.1.4}{\376\377\000S\000a\000v\000e\000d\000\040\000S\000e\000a\000r\000c\000h\000e\000s\000\040\000C\000o\000l\000l\000e\000c\000t\000i\000o\000n}{section.8.1}% 105
\BOOKMARK [1][-]{section.8.2}{\376\377\000R\000e\000d\000i\000s\000\040\000D\000a\000t\000a\000\040\000S\000t\000r\000u\000c\000t\000u\000r\000e\000s}{chapter.8}% 106
\BOOKMARK [2][-]{subsection.8.2.1}{\376\377\000C\000a\000c\000h\000e\000\040\000K\000e\000y\000s}{section.8.2}% 107
\BOOKMARK [2][-]{subsection.8.2.2}{\376\377\000C\000a\000c\000h\000e\000\040\000S\000t\000r\000a\000t\000e\000g\000y}{section.8.2}% 108
\BOOKMARK [1][-]{section.8.3}{\376\377\000E\000l\000a\000s\000t\000i\000c\000s\000e\000a\000r\000c\000h\000\040\000I\000n\000d\000e\000x\000\040\000S\000t\000r\000u\000c\000t\000u\000r\000e}{chapter.8}% 109
\BOOKMARK [2][-]{subsection.8.3.1}{\376\377\000D\000o\000c\000u\000m\000e\000n\000t\000\040\000E\000x\000a\000m\000p\000l\000e}{section.8.3}% 110
\BOOKMARK [2][-]{subsection.8.3.2}{\376\377\000A\000g\000g\000r\000e\000g\000a\000t\000i\000o\000n\000\040\000E\000x\000a\000m\000p\000l\000e\000s}{section.8.3}% 111
\BOOKMARK [-1][-]{part.3}{\376\377\000I\000I\000I\000\040\000G\000u\000i\000d\000e\000s\000\040\000a\000n\000d\000\040\000V\000a\000l\000i\000d\000a\000t\000i\000o\000n}{}% 112
\BOOKMARK [0][-]{chapter.9}{\376\377\000I\000n\000s\000t\000a\000l\000l\000a\000t\000i\000o\000n\000\040\000a\000n\000d\000\040\000D\000e\000p\000l\000o\000y\000m\000e\000n\000t\000\040\000G\000u\000i\000d\000e}{part.3}% 113
\BOOKMARK [1][-]{section.9.1}{\376\377\000P\000r\000e\000r\000e\000q\000u\000i\000s\000i\000t\000e\000s}{chapter.9}% 114
\BOOKMARK [2][-]{subsection.9.1.1}{\376\377\000R\000e\000q\000u\000i\000r\000e\000d\000\040\000S\000o\000f\000t\000w\000a\000r\000e}{section.9.1}% 115
\BOOKMARK [2][-]{subsection.9.1.2}{\376\377\000S\000y\000s\000t\000e\000m\000\040\000R\000e\000q\000u\000i\000r\000e\000m\000e\000n\000t\000s}{section.9.1}% 116
\BOOKMARK [1][-]{section.9.2}{\376\377\000I\000n\000s\000t\000a\000l\000l\000a\000t\000i\000o\000n\000\040\000S\000t\000e\000p\000s}{chapter.9}% 117
\BOOKMARK [2][-]{subsection.9.2.1}{\376\377\000S\000t\000e\000p\000\040\0001\000:\000\040\000C\000l\000o\000n\000e\000\040\000t\000h\000e\000\040\000R\000e\000p\000o\000s\000i\000t\000o\000r\000y}{section.9.2}% 118
\BOOKMARK [2][-]{subsection.9.2.2}{\376\377\000S\000t\000e\000p\000\040\0002\000:\000\040\000C\000o\000n\000f\000i\000g\000u\000r\000e\000\040\000E\000n\000v\000i\000r\000o\000n\000m\000e\000n\000t}{section.9.2}% 119
\BOOKMARK [2][-]{subsection.9.2.3}{\376\377\000S\000t\000e\000p\000\040\0003\000:\000\040\000S\000t\000a\000r\000t\000\040\000t\000h\000e\000\040\000P\000l\000a\000t\000f\000o\000r\000m}{section.9.2}% 120
\BOOKMARK [2][-]{subsection.9.2.4}{\376\377\000S\000t\000e\000p\000\040\0004\000:\000\040\000V\000e\000r\000i\000f\000y\000\040\000I\000n\000s\000t\000a\000l\000l\000a\000t\000i\000o\000n}{section.9.2}% 121
\BOOKMARK [1][-]{section.9.3}{\376\377\000S\000e\000r\000v\000i\000c\000e\000\040\000A\000c\000c\000e\000s\000s\000\040\000U\000R\000L\000s}{chapter.9}% 122
\BOOKMARK [1][-]{section.9.4}{\376\377\000C\000o\000n\000f\000i\000g\000u\000r\000a\000t\000i\000o\000n\000\040\000O\000p\000t\000i\000o\000n\000s}{chapter.9}% 123
\BOOKMARK [2][-]{subsection.9.4.1}{\376\377\000E\000n\000v\000i\000r\000o\000n\000m\000e\000n\000t\000\040\000V\000a\000r\000i\000a\000b\000l\000e\000s}{section.9.4}% 124
\BOOKMARK [1][-]{section.9.5}{\376\377\000S\000t\000o\000p\000p\000i\000n\000g\000\040\000t\000h\000e\000\040\000P\000l\000a\000t\000f\000o\000r\000m}{chapter.9}% 125
\BOOKMARK [1][-]{section.9.6}{\376\377\000T\000r\000o\000u\000b\000l\000e\000s\000h\000o\000o\000t\000i\000n\000g}{chapter.9}% 126
\BOOKMARK [2][-]{subsection.9.6.1}{\376\377\000E\000l\000a\000s\000t\000i\000c\000s\000e\000a\000r\000c\000h\000\040\000W\000o\000n\000'\000t\000\040\000S\000t\000a\000r\000t}{section.9.6}% 127
\BOOKMARK [2][-]{subsection.9.6.2}{\376\377\000S\000e\000r\000v\000i\000c\000e\000\040\000H\000e\000a\000l\000t\000h\000\040\000I\000s\000s\000u\000e\000s}{section.9.6}% 128
\BOOKMARK [0][-]{chapter.10}{\376\377\000U\000s\000e\000r\000\040\000G\000u\000i\000d\000e}{part.3}% 129
\BOOKMARK [1][-]{section.10.1}{\376\377\000D\000a\000s\000h\000b\000o\000a\000r\000d\000\040\000O\000v\000e\000r\000v\000i\000e\000w}{chapter.10}% 130
\BOOKMARK [2][-]{subsection.10.1.1}{\376\377\000K\000e\000y\000\040\000P\000e\000r\000f\000o\000r\000m\000a\000n\000c\000e\000\040\000I\000n\000d\000i\000c\000a\000t\000o\000r\000s}{section.10.1}% 131
\BOOKMARK [2][-]{subsection.10.1.2}{\376\377\000C\000h\000a\000r\000t\000s\000\040\000a\000n\000d\000\040\000V\000i\000s\000u\000a\000l\000i\000z\000a\000t\000i\000o\000n\000s}{section.10.1}% 132
\BOOKMARK [1][-]{section.10.2}{\376\377\000U\000p\000l\000o\000a\000d\000i\000n\000g\000\040\000L\000o\000g\000\040\000F\000i\000l\000e\000s}{chapter.10}% 133
\BOOKMARK [2][-]{subsection.10.2.1}{\376\377\000S\000u\000p\000p\000o\000r\000t\000e\000d\000\040\000F\000o\000r\000m\000a\000t\000s}{section.10.2}% 134
\BOOKMARK [2][-]{subsection.10.2.2}{\376\377\000U\000p\000l\000o\000a\000d\000\040\000P\000r\000o\000c\000e\000s\000s}{section.10.2}% 135
\BOOKMARK [2][-]{subsection.10.2.3}{\376\377\000C\000S\000V\000\040\000F\000o\000r\000m\000a\000t\000\040\000R\000e\000q\000u\000i\000r\000e\000m\000e\000n\000t\000s}{section.10.2}% 136
\BOOKMARK [1][-]{section.10.3}{\376\377\000S\000e\000a\000r\000c\000h\000i\000n\000g\000\040\000L\000o\000g\000s}{chapter.10}% 137
\BOOKMARK [2][-]{subsection.10.3.1}{\376\377\000B\000a\000s\000i\000c\000\040\000S\000e\000a\000r\000c\000h}{section.10.3}% 138
\BOOKMARK [2][-]{subsection.10.3.2}{\376\377\000A\000d\000v\000a\000n\000c\000e\000d\000\040\000F\000i\000l\000t\000e\000r\000s}{section.10.3}% 139
\BOOKMARK [2][-]{subsection.10.3.3}{\376\377\000S\000a\000v\000i\000n\000g\000\040\000S\000e\000a\000r\000c\000h\000e\000s}{section.10.3}% 140
\BOOKMARK [1][-]{section.10.4}{\376\377\000R\000e\000a\000l\000-\000T\000i\000m\000e\000\040\000L\000o\000g\000\040\000S\000t\000r\000e\000a\000m\000i\000n\000g}{chapter.10}% 141
\BOOKMARK [2][-]{subsection.10.4.1}{\376\377\000A\000c\000c\000e\000s\000s\000i\000n\000g\000\040\000L\000i\000v\000e\000\040\000L\000o\000g\000s}{section.10.4}% 142
\BOOKMARK [2][-]{subsection.10.4.2}{\376\377\000C\000o\000n\000t\000r\000o\000l\000s}{section.10.4}% 143
\BOOKMARK [2][-]{subsection.10.4.3}{\376\377\000F\000i\000l\000t\000e\000r\000s}{section.10.4}% 144
\BOOKMARK [2][-]{subsection.10.4.4}{\376\377\000N\000o\000t\000i\000f\000i\000c\000a\000t\000i\000o\000n\000s}{section.10.4}% 145
\BOOKMARK [1][-]{section.10.5}{\376\377\000F\000i\000l\000e\000\040\000M\000a\000n\000a\000g\000e\000m\000e\000n\000t}{chapter.10}% 146
\BOOKMARK [2][-]{subsection.10.5.1}{\376\377\000V\000i\000e\000w\000i\000n\000g\000\040\000U\000p\000l\000o\000a\000d\000e\000d\000\040\000F\000i\000l\000e\000s}{section.10.5}% 147
\BOOKMARK [2][-]{subsection.10.5.2}{\376\377\000F\000i\000l\000e\000\040\000A\000c\000t\000i\000o\000n\000s}{section.10.5}% 148
\BOOKMARK [1][-]{section.10.6}{\376\377\000G\000r\000a\000f\000a\000n\000a\000\040\000D\000a\000s\000h\000b\000o\000a\000r\000d\000s}{chapter.10}% 149
\BOOKMARK [2][-]{subsection.10.6.1}{\376\377\000A\000c\000c\000e\000s\000s\000i\000n\000g\000\040\000G\000r\000a\000f\000a\000n\000a}{section.10.6}% 150
\BOOKMARK [2][-]{subsection.10.6.2}{\376\377\000A\000v\000a\000i\000l\000a\000b\000l\000e\000\040\000D\000a\000s\000h\000b\000o\000a\000r\000d\000s}{section.10.6}% 151
\BOOKMARK [1][-]{section.10.7}{\376\377\000K\000i\000b\000a\000n\000a\000\040\000V\000i\000s\000u\000a\000l\000i\000z\000a\000t\000i\000o\000n}{chapter.10}% 152
\BOOKMARK [2][-]{subsection.10.7.1}{\376\377\000A\000c\000c\000e\000s\000s\000i\000n\000g\000\040\000K\000i\000b\000a\000n\000a}{section.10.7}% 153
\BOOKMARK [2][-]{subsection.10.7.2}{\376\377\000C\000r\000e\000a\000t\000i\000n\000g\000\040\000V\000i\000s\000u\000a\000l\000i\000z\000a\000t\000i\000o\000n\000s}{section.10.7}% 154
\BOOKMARK [0][-]{chapter.11}{\376\377\000T\000e\000s\000t\000i\000n\000g\000\040\000a\000n\000d\000\040\000V\000a\000l\000i\000d\000a\000t\000i\000o\000n}{part.3}% 155
\BOOKMARK [1][-]{section.11.1}{\376\377\000T\000e\000s\000t\000i\000n\000g\000\040\000S\000t\000r\000a\000t\000e\000g\000y}{chapter.11}% 156
\BOOKMARK [1][-]{section.11.2}{\376\377\000A\000P\000I\000\040\000E\000n\000d\000p\000o\000i\000n\000t\000\040\000T\000e\000s\000t\000i\000n\000g}{chapter.11}% 157
\BOOKMARK [2][-]{subsection.11.2.1}{\376\377\000H\000e\000a\000l\000t\000h\000\040\000C\000h\000e\000c\000k\000\040\000V\000a\000l\000i\000d\000a\000t\000i\000o\000n}{section.11.2}% 158
\BOOKMARK [2][-]{subsection.11.2.2}{\376\377\000S\000t\000a\000t\000i\000s\000t\000i\000c\000s\000\040\000E\000n\000d\000p\000o\000i\000n\000t}{section.11.2}% 159
\BOOKMARK [1][-]{section.11.3}{\376\377\000P\000e\000r\000f\000o\000r\000m\000a\000n\000c\000e\000\040\000M\000e\000t\000r\000i\000c\000s}{chapter.11}% 160
\BOOKMARK [2][-]{subsection.11.3.1}{\376\377\000R\000e\000s\000p\000o\000n\000s\000e\000\040\000T\000i\000m\000e\000\040\000B\000e\000n\000c\000h\000m\000a\000r\000k\000s}{section.11.3}% 161
\BOOKMARK [2][-]{subsection.11.3.2}{\376\377\000T\000h\000r\000o\000u\000g\000h\000p\000u\000t\000\040\000T\000e\000s\000t\000i\000n\000g}{section.11.3}% 162
\BOOKMARK [1][-]{section.11.4}{\376\377\000P\000r\000o\000m\000e\000t\000h\000e\000u\000s\000\040\000M\000e\000t\000r\000i\000c\000s\000\040\000V\000a\000l\000i\000d\000a\000t\000i\000o\000n}{chapter.11}% 163
\BOOKMARK [2][-]{subsection.11.4.1}{\376\377\000M\000e\000t\000r\000i\000c\000s\000\040\000E\000n\000d\000p\000o\000i\000n\000t\000\040\000T\000e\000s\000t}{section.11.4}% 164
\BOOKMARK [1][-]{section.11.5}{\376\377\000I\000n\000t\000e\000g\000r\000a\000t\000i\000o\000n\000\040\000T\000e\000s\000t\000s}{chapter.11}% 165
\BOOKMARK [2][-]{subsection.11.5.1}{\376\377\000E\000n\000d\000-\000t\000o\000-\000E\000n\000d\000\040\000F\000i\000l\000e\000\040\000U\000p\000l\000o\000a\000d}{section.11.5}% 166
\BOOKMARK [2][-]{subsection.11.5.2}{\376\377\000R\000e\000a\000l\000-\000T\000i\000m\000e\000\040\000S\000t\000r\000e\000a\000m\000i\000n\000g\000\040\000T\000e\000s\000t}{section.11.5}% 167
\BOOKMARK [1][-]{section.11.6}{\376\377\000L\000o\000a\000d\000\040\000T\000e\000s\000t\000i\000n\000g\000\040\000R\000e\000s\000u\000l\000t\000s}{chapter.11}% 168
\BOOKMARK [2][-]{subsection.11.6.1}{\376\377\000C\000o\000n\000c\000u\000r\000r\000e\000n\000t\000\040\000U\000s\000e\000r\000\040\000S\000i\000m\000u\000l\000a\000t\000i\000o\000n}{section.11.6}% 169
\BOOKMARK [1][-]{section.11.7}{\376\377\000S\000e\000r\000v\000i\000c\000e\000\040\000H\000e\000a\000l\000t\000h\000\040\000M\000o\000n\000i\000t\000o\000r\000i\000n\000g}{chapter.11}% 170
\BOOKMARK [2][-]{subsection.11.7.1}{\376\377\000U\000p\000t\000i\000m\000e\000\040\000M\000e\000t\000r\000i\000c\000s}{section.11.7}% 171
\BOOKMARK [1][-]{section.11.8}{\376\377\000V\000a\000l\000i\000d\000a\000t\000i\000o\000n\000\040\000S\000u\000m\000m\000a\000r\000y}{chapter.11}% 172
\BOOKMARK [0][-]{chapter.12}{\376\377\000C\000h\000a\000l\000l\000e\000n\000g\000e\000s\000\040\000E\000n\000c\000o\000u\000n\000t\000e\000r\000e\000d\000\040\000a\000n\000d\000\040\000S\000o\000l\000u\000t\000i\000o\000n\000s}{part.3}% 173
\BOOKMARK [1][-]{section.12.1}{\376\377\000E\000l\000a\000s\000t\000i\000c\000s\000e\000a\000r\000c\000h\000\040\000M\000e\000m\000o\000r\000y\000\040\000C\000o\000n\000s\000t\000r\000a\000i\000n\000t\000s}{chapter.12}% 174
\BOOKMARK [2][-]{subsection.12.1.1}{\376\377\000C\000h\000a\000l\000l\000e\000n\000g\000e}{section.12.1}% 175
\BOOKMARK [2][-]{subsection.12.1.2}{\376\377\000S\000o\000l\000u\000t\000i\000o\000n}{section.12.1}% 176
\BOOKMARK [1][-]{section.12.2}{\376\377\000L\000o\000g\000s\000t\000a\000s\000h\000\040\000P\000i\000p\000e\000l\000i\000n\000e\000\040\000C\000o\000m\000p\000l\000e\000x\000i\000t\000y}{chapter.12}% 177
\BOOKMARK [2][-]{subsection.12.2.1}{\376\377\000C\000h\000a\000l\000l\000e\000n\000g\000e}{section.12.2}% 178
\BOOKMARK [2][-]{subsection.12.2.2}{\376\377\000S\000o\000l\000u\000t\000i\000o\000n}{section.12.2}% 179
\BOOKMARK [1][-]{section.12.3}{\376\377\000R\000e\000a\000l\000-\000T\000i\000m\000e\000\040\000W\000e\000b\000S\000o\000c\000k\000e\000t\000\040\000S\000c\000a\000l\000a\000b\000i\000l\000i\000t\000y}{chapter.12}% 180
\BOOKMARK [2][-]{subsection.12.3.1}{\376\377\000C\000h\000a\000l\000l\000e\000n\000g\000e}{section.12.3}% 181
\BOOKMARK [2][-]{subsection.12.3.2}{\376\377\000S\000o\000l\000u\000t\000i\000o\000n}{section.12.3}% 182
\BOOKMARK [1][-]{section.12.4}{\376\377\000K\000i\000b\000a\000n\000a\000\040\000S\000t\000a\000r\000t\000u\000p\000\040\000D\000e\000p\000e\000n\000d\000e\000n\000c\000i\000e\000s}{chapter.12}% 183
\BOOKMARK [2][-]{subsection.12.4.1}{\376\377\000C\000h\000a\000l\000l\000e\000n\000g\000e}{section.12.4}% 184
\BOOKMARK [2][-]{subsection.12.4.2}{\376\377\000S\000o\000l\000u\000t\000i\000o\000n}{section.12.4}% 185
\BOOKMARK [1][-]{section.12.5}{\376\377\000C\000r\000o\000s\000s\000-\000O\000r\000i\000g\000i\000n\000\040\000R\000e\000s\000o\000u\000r\000c\000e\000\040\000S\000h\000a\000r\000i\000n\000g}{chapter.12}% 186
\BOOKMARK [2][-]{subsection.12.5.1}{\376\377\000C\000h\000a\000l\000l\000e\000n\000g\000e}{section.12.5}% 187
\BOOKMARK [2][-]{subsection.12.5.2}{\376\377\000S\000o\000l\000u\000t\000i\000o\000n}{section.12.5}% 188
\BOOKMARK [1][-]{section.12.6}{\376\377\000P\000e\000r\000f\000o\000r\000m\000a\000n\000c\000e\000\040\000O\000p\000t\000i\000m\000i\000z\000a\000t\000i\000o\000n}{chapter.12}% 189
\BOOKMARK [2][-]{subsection.12.6.1}{\376\377\000C\000h\000a\000l\000l\000e\000n\000g\000e}{section.12.6}% 190
\BOOKMARK [2][-]{subsection.12.6.2}{\376\377\000S\000o\000l\000u\000t\000i\000o\000n}{section.12.6}% 191
\BOOKMARK [1][-]{section.12.7}{\376\377\000D\000o\000c\000k\000e\000r\000\040\000N\000e\000t\000w\000o\000r\000k\000i\000n\000g\000\040\000I\000s\000s\000u\000e\000s}{chapter.12}% 192
\BOOKMARK [2][-]{subsection.12.7.1}{\376\377\000C\000h\000a\000l\000l\000e\000n\000g\000e}{section.12.7}% 193
\BOOKMARK [2][-]{subsection.12.7.2}{\376\377\000S\000o\000l\000u\000t\000i\000o\000n}{section.12.7}% 194
\BOOKMARK [0][-]{chapter.13}{\376\377\000F\000u\000t\000u\000r\000e\000\040\000I\000m\000p\000r\000o\000v\000e\000m\000e\000n\000t\000s}{part.3}% 195
\BOOKMARK [1][-]{section.13.1}{\376\377\000S\000h\000o\000r\000t\000-\000T\000e\000r\000m\000\040\000E\000n\000h\000a\000n\000c\000e\000m\000e\000n\000t\000s}{chapter.13}% 196
\BOOKMARK [2][-]{subsection.13.1.1}{\376\377\000M\000a\000c\000h\000i\000n\000e\000\040\000L\000e\000a\000r\000n\000i\000n\000g\000\040\000I\000n\000t\000e\000g\000r\000a\000t\000i\000o\000n}{section.13.1}% 197
\BOOKMARK [2][-]{subsection.13.1.2}{\376\377\000A\000d\000v\000a\000n\000c\000e\000d\000\040\000V\000i\000s\000u\000a\000l\000i\000z\000a\000t\000i\000o\000n}{section.13.1}% 198
\BOOKMARK [2][-]{subsection.13.1.3}{\376\377\000E\000n\000h\000a\000n\000c\000e\000d\000\040\000A\000l\000e\000r\000t\000i\000n\000g}{section.13.1}% 199
\BOOKMARK [1][-]{section.13.2}{\376\377\000M\000e\000d\000i\000u\000m\000-\000T\000e\000r\000m\000\040\000G\000o\000a\000l\000s}{chapter.13}% 200
\BOOKMARK [2][-]{subsection.13.2.1}{\376\377\000M\000u\000l\000t\000i\000-\000T\000e\000n\000a\000n\000c\000y\000\040\000S\000u\000p\000p\000o\000r\000t}{section.13.2}% 201
\BOOKMARK [2][-]{subsection.13.2.2}{\376\377\000K\000u\000b\000e\000r\000n\000e\000t\000e\000s\000\040\000D\000e\000p\000l\000o\000y\000m\000e\000n\000t}{section.13.2}% 202
\BOOKMARK [2][-]{subsection.13.2.3}{\376\377\000A\000P\000I\000\040\000E\000n\000h\000a\000n\000c\000e\000m\000e\000n\000t\000s}{section.13.2}% 203
\BOOKMARK [1][-]{section.13.3}{\376\377\000L\000o\000n\000g\000-\000T\000e\000r\000m\000\040\000V\000i\000s\000i\000o\000n}{chapter.13}% 204
\BOOKMARK [2][-]{subsection.13.3.1}{\376\377\000D\000i\000s\000t\000r\000i\000b\000u\000t\000e\000d\000\040\000A\000r\000c\000h\000i\000t\000e\000c\000t\000u\000r\000e}{section.13.3}% 205
\BOOKMARK [2][-]{subsection.13.3.2}{\376\377\000A\000d\000v\000a\000n\000c\000e\000d\000\040\000A\000n\000a\000l\000y\000t\000i\000c\000s}{section.13.3}% 206
\BOOKMARK [2][-]{subsection.13.3.3}{\376\377\000E\000x\000t\000e\000n\000d\000e\000d\000\040\000I\000n\000t\000e\000g\000r\000a\000t\000i\000o\000n\000s}{section.13.3}% 207
\BOOKMARK [1][-]{section.13.4}{\376\377\000T\000e\000c\000h\000n\000i\000c\000a\000l\000\040\000D\000e\000b\000t\000\040\000R\000e\000s\000o\000l\000u\000t\000i\000o\000n}{chapter.13}% 208
\BOOKMARK [0][-]{chapter.14}{\376\377\000C\000o\000n\000c\000l\000u\000s\000i\000o\000n}{part.3}% 209
\BOOKMARK [1][-]{section.14.1}{\376\377\000P\000r\000o\000j\000e\000c\000t\000\040\000S\000u\000m\000m\000a\000r\000y}{chapter.14}% 210
\BOOKMARK [1][-]{section.14.2}{\376\377\000O\000b\000j\000e\000c\000t\000i\000v\000e\000s\000\040\000A\000c\000h\000i\000e\000v\000e\000d}{chapter.14}% 211
\BOOKMARK [2][-]{subsection.14.2.1}{\376\377\000C\000o\000r\000e\000\040\000R\000e\000q\000u\000i\000r\000e\000m\000e\000n\000t\000s}{section.14.2}% 212
\BOOKMARK [2][-]{subsection.14.2.2}{\376\377\000A\000d\000v\000a\000n\000c\000e\000d\000\040\000F\000e\000a\000t\000u\000r\000e\000s}{section.14.2}% 213
\BOOKMARK [1][-]{section.14.3}{\376\377\000K\000e\000y\000\040\000L\000e\000a\000r\000n\000i\000n\000g\000s}{chapter.14}% 214
\BOOKMARK [2][-]{subsection.14.3.1}{\376\377\000T\000e\000c\000h\000n\000i\000c\000a\000l\000\040\000I\000n\000s\000i\000g\000h\000t\000s}{section.14.3}% 215
\BOOKMARK [2][-]{subsection.14.3.2}{\376\377\000B\000e\000s\000t\000\040\000P\000r\000a\000c\000t\000i\000c\000e\000s\000\040\000A\000p\000p\000l\000i\000e\000d}{section.14.3}% 216
\BOOKMARK [1][-]{section.14.4}{\376\377\000P\000r\000o\000j\000e\000c\000t\000\040\000I\000m\000p\000a\000c\000t}{chapter.14}% 217
\BOOKMARK [1][-]{section.14.5}{\376\377\000F\000i\000n\000a\000l\000\040\000R\000e\000m\000a\000r\000k\000s}{chapter.14}% 218
\BOOKMARK [0][-]{chapter.15}{\376\377\000A\000p\000p\000e\000n\000d\000i\000c\000e\000s}{part.3}% 219
\BOOKMARK [1][-]{section.15.1}{\376\377\000A\000P\000I\000\040\000R\000e\000f\000e\000r\000e\000n\000c\000e}{chapter.15}% 220
\BOOKMARK [2][-]{subsection.15.1.1}{\376\377\000H\000e\000a\000l\000t\000h\000\040\000a\000n\000d\000\040\000S\000t\000a\000t\000u\000s}{section.15.1}% 221
\BOOKMARK [2][-]{subsection.15.1.2}{\376\377\000L\000o\000g\000\040\000O\000p\000e\000r\000a\000t\000i\000o\000n\000s}{section.15.1}% 222
\BOOKMARK [2][-]{subsection.15.1.3}{\376\377\000F\000i\000l\000e\000\040\000M\000a\000n\000a\000g\000e\000m\000e\000n\000t}{section.15.1}% 223
\BOOKMARK [1][-]{section.15.2}{\376\377\000E\000n\000v\000i\000r\000o\000n\000m\000e\000n\000t\000\040\000V\000a\000r\000i\000a\000b\000l\000e\000s\000\040\000R\000e\000f\000e\000r\000e\000n\000c\000e}{chapter.15}% 224
\BOOKMARK [1][-]{section.15.3}{\376\377\000D\000o\000c\000k\000e\000r\000\040\000C\000o\000m\000m\000a\000n\000d\000s\000\040\000R\000e\000f\000e\000r\000e\000n\000c\000e}{chapter.15}% 225
\BOOKMARK [1][-]{section.15.4}{\376\377\000E\000l\000a\000s\000t\000i\000c\000s\000e\000a\000r\000c\000h\000\040\000Q\000u\000e\000r\000y\000\040\000E\000x\000a\000m\000p\000l\000e\000s}{chapter.15}% 226
\BOOKMARK [1][-]{section.15.5}{\376\377\000G\000l\000o\000s\000s\000a\000r\000y}{chapter.15}% 227
\BOOKMARK [1][-]{section.15.6}{\376\377\000R\000e\000f\000e\000r\000e\000n\000c\000e\000s}{chapter.15}% 228
